<?xml version="1.0" encoding="UTF-8"?>
<!-- Generated by org.testng.reporters.JUnitReportReporter -->
<testsuite skipped="0" hostname="LAPTOP-M7IGHPB6" name="com.bblog.Test.CreateArticle" tests="1" failures="0" timestamp="2019-11-24T10:49:04 CET" time="1.422" errors="0">
  <testcase name="createArticle" time="1.422" classname="com.bblog.Test.CreateArticle"/>
</testsuite> <!-- com.bblog.Test.CreateArticle -->
