<?xml version="1.0" encoding="UTF-8"?>
<!-- Generated by org.testng.reporters.JUnitReportReporter -->
<testsuite skipped="0" hostname="LAPTOP-M7IGHPB6" name="com.bblog.Test.EditArticle" tests="2" failures="0" timestamp="2019-11-24T22:36:43 CET" time="2.238" errors="0">
  <testcase name="editArticle" time="2.034" classname="com.bblog.Test.EditArticle"/>
  <testcase name="editArticleOtherUserNotAllowed" time="0.204" classname="com.bblog.Test.EditArticle"/>
</testsuite> <!-- com.bblog.Test.EditArticle -->
