<?xml version="1.0" encoding="UTF-8"?>
<!-- Generated by org.testng.reporters.JUnitReportReporter -->
<testsuite skipped="0" hostname="LAPTOP-M7IGHPB6" name="com.bblog.Test.DeleteArticle" tests="1" failures="0" timestamp="2019-11-24T22:30:23 CET" time="1.088" errors="0">
  <testcase name="deleteArticleOfOtherUserNotAllowed" time="1.088" classname="com.bblog.Test.DeleteArticle"/>
</testsuite> <!-- com.bblog.Test.DeleteArticle -->
