<?xml version="1.0" encoding="UTF-8"?>
<!-- Generated by org.testng.reporters.JUnitReportReporter -->
<testsuite skipped="0" hostname="LAPTOP-M7IGHPB6" name="com.bblog.Test.GetArticle" tests="1" failures="0" timestamp="2020-04-24T20:50:43 CEST" time="2.769" errors="0">
  <testcase name="verifyGetRequestServiceNow" time="2.769" classname="com.bblog.Test.GetArticle"/>
</testsuite> <!-- com.bblog.Test.GetArticle -->
