<?xml version="1.0" encoding="UTF-8"?>
<!-- Generated by org.testng.reporters.JUnitReportReporter -->
<testsuite skipped="0" hostname="LAPTOP-M7IGHPB6" name="TestFunction.testGet" tests="3" failures="0" timestamp="2019-11-20T19:36:50 CET" time="2.557" errors="0">
  <testcase name="get2" time="1.673" classname="TestFunction.testGet"/>
  <testcase name="getList" time="0.397" classname="TestFunction.testGet"/>
  <testcase name="get23" time="0.487" classname="TestFunction.testGet"/>
</testsuite> <!-- TestFunction.testGet -->
